<?xml version="1.0" encoding="UTF-8"?>
<testng-results ignored="0" total="1" passed="1" failed="0" skipped="0">
  <reporter-output>
  </reporter-output>
  <suite started-at="2022-08-09T13:21:34 EDT" name="Default suite" finished-at="2022-08-09T13:21:34 EDT" duration-ms="49">
    <groups>
    </groups>
    <test started-at="2022-08-09T13:21:34 EDT" name="Default test" finished-at="2022-08-09T13:21:34 EDT" duration-ms="49">
      <class name="com.qa.tests.LoginTest">
        <test-method signature="test1()[pri:0, instance:com.qa.tests.LoginTest@7fee8714]" started-at="2022-08-09T13:21:34 EDT" name="test1" finished-at="2022-08-09T13:21:34 EDT" duration-ms="8" status="PASS">
          <reporter-output>
          </reporter-output>
        </test-method> <!-- test1 -->
      </class> <!-- com.qa.tests.LoginTest -->
    </test> <!-- Default test -->
  </suite> <!-- Default suite -->
</testng-results>
